<?xml version="1.0" encoding="UTF-8"?>
<!-- Generated by org.testng.reporters.JUnitReportReporter -->
<testsuite hostname="pc" failures="0" tests="1" name="com.demoaut.newtours.MavenDemo.ValidateUserTest" time="110.466" errors="0" timestamp="10 Mar 2019 16:18:25 GMT" skipped="0">
  <testcase classname="com.demoaut.newtours.MavenDemo.ValidateUserTest" name="userValidation" time="110.466"/>
</testsuite> <!-- com.demoaut.newtours.MavenDemo.ValidateUserTest -->
